  Edge.cpp
c:\users\w10\documents\visual studio 2015\projects\tp3\tp3\node.h(20): error C2143: erreur de syntaxe : absence de ';' avant '<'
  c:\users\w10\documents\visual studio 2015\projects\tp3\tp3\node.h(21): note: voir la référence à l'instanciation de la classe modèle 'Node<T>' en cours de compilation
c:\users\w10\documents\visual studio 2015\projects\tp3\tp3\node.h(20): error C4430: spécificateur de type manquant - int est pris en compte par défaut. Remarque : C++ ne prend pas en charge int par défaut
c:\users\w10\documents\visual studio 2015\projects\tp3\tp3\node.h(20): error C2238: jetons inattendus avant ';'
  Génération de code en cours...
  Compilation en cours...
  Graph.cpp
c:\users\w10\documents\visual studio 2015\projects\tp3\tp3\node.h(20): error C2143: erreur de syntaxe : absence de ';' avant '<'
  c:\users\w10\documents\visual studio 2015\projects\tp3\tp3\node.h(21): note: voir la référence à l'instanciation de la classe modèle 'Node<T>' en cours de compilation
c:\users\w10\documents\visual studio 2015\projects\tp3\tp3\node.h(20): error C4430: spécificateur de type manquant - int est pris en compte par défaut. Remarque : C++ ne prend pas en charge int par défaut
c:\users\w10\documents\visual studio 2015\projects\tp3\tp3\node.h(20): error C2238: jetons inattendus avant ';'
  Génération de code en cours...
  Compilation en cours...
  Node.cpp
c:\users\w10\documents\visual studio 2015\projects\tp3\tp3\node.h(20): error C2143: erreur de syntaxe : absence de ';' avant '<'
  c:\users\w10\documents\visual studio 2015\projects\tp3\tp3\node.h(21): note: voir la référence à l'instanciation de la classe modèle 'Node<T>' en cours de compilation
c:\users\w10\documents\visual studio 2015\projects\tp3\tp3\node.h(20): error C4430: spécificateur de type manquant - int est pris en compte par défaut. Remarque : C++ ne prend pas en charge int par défaut
c:\users\w10\documents\visual studio 2015\projects\tp3\tp3\node.h(20): error C2238: jetons inattendus avant ';'
  Génération de code en cours...
  Compilation en cours...
  Parser.cpp
c:\users\w10\documents\visual studio 2015\projects\tp3\tp3\node.h(20): error C2143: erreur de syntaxe : absence de ';' avant '<'
  c:\users\w10\documents\visual studio 2015\projects\tp3\tp3\node.h(21): note: voir la référence à l'instanciation de la classe modèle 'Node<T>' en cours de compilation
c:\users\w10\documents\visual studio 2015\projects\tp3\tp3\node.h(20): error C4430: spécificateur de type manquant - int est pris en compte par défaut. Remarque : C++ ne prend pas en charge int par défaut
c:\users\w10\documents\visual studio 2015\projects\tp3\tp3\node.h(20): error C2238: jetons inattendus avant ';'
  Génération de code en cours...
  Compilation en cours...
  Source.cpp
c:\users\w10\documents\visual studio 2015\projects\tp3\tp3\node.h(20): error C2143: erreur de syntaxe : absence de ';' avant '<'
  c:\users\w10\documents\visual studio 2015\projects\tp3\tp3\node.h(21): note: voir la référence à l'instanciation de la classe modèle 'Node<T>' en cours de compilation
c:\users\w10\documents\visual studio 2015\projects\tp3\tp3\node.h(20): error C4430: spécificateur de type manquant - int est pris en compte par défaut. Remarque : C++ ne prend pas en charge int par défaut
c:\users\w10\documents\visual studio 2015\projects\tp3\tp3\node.h(20): error C2238: jetons inattendus avant ';'
  Génération de code en cours...
